2026-03-07 16:24:38 | INFO | stiga.process_manager | === Iniciando pipeline completo STIGA ===
2026-03-07 16:24:38 | INFO | stiga.process_manager | Iniciando pipeline de datos...
2026-03-07 16:24:38 | INFO | stiga.data_merger | DataMerger inicializado | DB: C:\Users\harly\Desktop\STIGA_TDG2\STIGA_TDG2\stiga_master.db
2026-03-07 16:24:38 | INFO | stiga.data_merger | Iniciando fusión maestra de datasets
2026-03-07 16:24:38 | INFO | stiga.data_merger | 49552 registros guardados en 'master_triage'
2026-03-07 16:24:38 | INFO | stiga.process_manager | Pipeline de datos completado
2026-03-07 16:24:38 | INFO | stiga.process_manager | Iniciando entrenamiento del modelo...
2026-03-07 16:24:38 | INFO | stiga.trainer | Entrenando cerebro de STIGA
2026-03-07 16:24:38 | INFO | stiga.trainer | Base de datos: C:\Users\harly\Desktop\STIGA_TDG2\STIGA_TDG2\stiga_master.db
2026-03-07 16:24:38 | INFO | stiga.trainer | Registros originales : 49552
2026-03-07 16:24:38 | INFO | stiga.trainer | Registros tras limpieza: 24552
2026-03-07 16:24:38 | INFO | stiga.trainer | Descartados: 25000
2026-03-07 16:24:38 | INFO | stiga.trainer | Distribución triage:
triage_level
0    10364
1    10121
2     3047
3     1020
Name: count, dtype: int64
2026-03-07 16:24:38 | INFO | stiga.trainer | Entrenamiento: 19641 registros | Test: 4911 registros
2026-03-07 16:24:38 | INFO | stiga.trainer | Iniciando entrenamiento...
2026-03-07 16:24:45 | INFO | stiga.trainer | Reporte de Rendimiento:
              precision    recall  f1-score   support

           0       0.88      0.92      0.90      2073
           1       0.85      0.83      0.84      2024
           2       0.84      0.76      0.80       610
           3       0.88      0.80      0.84       204

    accuracy                           0.86      4911
   macro avg       0.86      0.83      0.84      4911
weighted avg       0.86      0.86      0.86      4911

2026-03-07 16:24:45 | INFO | stiga.trainer | AUC-ROC Final: 0.9707
2026-03-07 16:24:45 | INFO | stiga.trainer | Modelo guardado en: C:\Users\harly\Desktop\STIGA_TDG2\STIGA_TDG2\src\models\stiga_triage_model.pkl
2026-03-07 16:24:45 | INFO | stiga.process_manager | Entrenamiento completado
2026-03-07 16:24:45 | INFO | stiga.process_manager | === Pipeline completo finalizado ===
2026-03-07 16:26:59 | INFO | stiga.process_manager | === Iniciando pipeline completo STIGA ===
2026-03-07 16:26:59 | INFO | stiga.process_manager | Iniciando pipeline de datos...
2026-03-07 16:26:59 | INFO | stiga.data_merger | DataMerger inicializado | DB: C:\Users\harly\Desktop\STIGA_TDG2\STIGA_TDG2\stiga_master.db
2026-03-07 16:26:59 | INFO | stiga.data_merger | Iniciando fusión maestra de datasets
2026-03-07 16:26:59 | INFO | stiga.data_merger | 49552 registros guardados en 'master_triage'
2026-03-07 16:26:59 | INFO | stiga.process_manager | Pipeline de datos completado
2026-03-07 16:26:59 | INFO | stiga.process_manager | Iniciando entrenamiento del modelo...
2026-03-07 16:26:59 | INFO | stiga.trainer | Entrenando cerebro de STIGA
2026-03-07 16:26:59 | INFO | stiga.trainer | Base de datos: C:\Users\harly\Desktop\STIGA_TDG2\STIGA_TDG2\stiga_master.db
2026-03-07 16:26:59 | INFO | stiga.trainer | Registros originales : 49552
2026-03-07 16:26:59 | INFO | stiga.trainer | Registros tras limpieza: 24552
2026-03-07 16:26:59 | INFO | stiga.trainer | Descartados: 25000
2026-03-07 16:26:59 | INFO | stiga.trainer | Distribución triage:
triage_level
0    10364
1    10121
2     3047
3     1020
Name: count, dtype: int64
2026-03-07 16:26:59 | INFO | stiga.trainer | Entrenamiento: 19641 registros | Test: 4911 registros
2026-03-07 16:26:59 | INFO | stiga.trainer | Iniciando entrenamiento...
2026-03-07 16:27:05 | INFO | stiga.trainer | Reporte de Rendimiento:
              precision    recall  f1-score   support

           0       0.88      0.92      0.90      2073
           1       0.85      0.83      0.84      2024
           2       0.84      0.76      0.80       610
           3       0.88      0.80      0.84       204

    accuracy                           0.86      4911
   macro avg       0.86      0.83      0.84      4911
weighted avg       0.86      0.86      0.86      4911

2026-03-07 16:27:05 | INFO | stiga.trainer | AUC-ROC Final: 0.9707
2026-03-07 16:27:05 | INFO | stiga.trainer | Modelo guardado en: C:\Users\harly\Desktop\STIGA_TDG2\STIGA_TDG2\src\models\stiga_triage_model.pkl
2026-03-07 16:27:05 | INFO | stiga.process_manager | Entrenamiento completado
2026-03-07 16:27:05 | INFO | stiga.process_manager | === Pipeline completo finalizado ===
2026-03-07 17:37:50 | INFO | stiga.process_manager | === Iniciando pipeline completo STIGA ===
2026-03-07 17:37:50 | INFO | stiga.process_manager | Iniciando pipeline de datos...
2026-03-07 17:37:50 | INFO | stiga.data_merger | DataMerger inicializado | DB: C:\Users\harly\Desktop\STIGA_TDG2\STIGA_TDG2\stiga_master.db
2026-03-07 17:37:50 | INFO | stiga.data_merger | Iniciando fusión maestra de datasets
2026-03-07 17:37:51 | INFO | stiga.data_merger | 49552 registros guardados en 'master_triage'
2026-03-07 17:37:51 | INFO | stiga.process_manager | Pipeline de datos completado
2026-03-07 17:37:51 | INFO | stiga.process_manager | Iniciando entrenamiento del modelo...
2026-03-07 17:37:51 | INFO | stiga.trainer | Entrenando cerebro de STIGA
2026-03-07 17:37:51 | INFO | stiga.trainer | Base de datos: C:\Users\harly\Desktop\STIGA_TDG2\STIGA_TDG2\stiga_master.db
2026-03-07 17:37:51 | INFO | stiga.trainer | Registros originales : 49552
2026-03-07 17:37:51 | INFO | stiga.trainer | Registros tras limpieza: 24552
2026-03-07 17:37:51 | INFO | stiga.trainer | Descartados: 25000
2026-03-07 17:37:51 | INFO | stiga.trainer | Distribución triage:
triage_level
0    10364
1    10121
2     3047
3     1020
Name: count, dtype: int64
2026-03-07 17:37:51 | INFO | stiga.trainer | Entrenamiento: 19641 registros | Test: 4911 registros
2026-03-07 17:37:51 | INFO | stiga.trainer | Iniciando entrenamiento...
2026-03-07 17:37:57 | INFO | stiga.trainer | Reporte de Rendimiento:
              precision    recall  f1-score   support

           0       0.88      0.92      0.90      2073
           1       0.85      0.83      0.84      2024
           2       0.84      0.76      0.80       610
           3       0.88      0.80      0.84       204

    accuracy                           0.86      4911
   macro avg       0.86      0.83      0.84      4911
weighted avg       0.86      0.86      0.86      4911

2026-03-07 17:37:57 | INFO | stiga.trainer | AUC-ROC Final: 0.9707
2026-03-07 17:37:57 | INFO | stiga.trainer | Modelo guardado en: C:\Users\harly\Desktop\STIGA_TDG2\STIGA_TDG2\src\models\stiga_triage_model.pkl
2026-03-07 17:37:57 | INFO | stiga.process_manager | Entrenamiento completado
2026-03-07 17:37:57 | INFO | stiga.process_manager | === Pipeline completo finalizado ===
